2017-10-12 14:15:10,306 [Worker-9] INFO  c.g.t.t.d.PublishedGradleVersions - Gradle version information cache is out-of-date. Trying to update.
2017-10-12 14:15:21,740 [Worker-18] INFO  o.e.m.c.i.i.nexus.NexusIndexManager - Updating index for repository: central|https://repo.maven.apache.org/maven2
2017-10-12 14:15:27,176 [Worker-9] INFO  c.g.t.t.d.PublishedGradleVersions - Updating Gradle version information cache failed. Using outdated cache.
2017-10-12 14:17:02,225 [Worker-18] ERROR o.e.m.c.i.i.nexus.NexusIndexManager - Unable to update index for central|https://repo.maven.apache.org/maven2
java.net.SocketException: Software caused connection abort: recv failed
	at java.net.SocketInputStream.socketRead0(Native Method) ~[na:1.8.0_112]
	at java.net.SocketInputStream.socketRead(SocketInputStream.java:116) ~[na:1.8.0_112]
	at java.net.SocketInputStream.read(SocketInputStream.java:170) ~[na:1.8.0_112]
	at java.net.SocketInputStream.read(SocketInputStream.java:141) ~[na:1.8.0_112]
	at sun.security.ssl.InputRecord.readFully(InputRecord.java:465) ~[na:1.8.0_112]
	at sun.security.ssl.InputRecord.readV3Record(InputRecord.java:593) ~[na:1.8.0_112]
	at sun.security.ssl.InputRecord.read(InputRecord.java:532) ~[na:1.8.0_112]
	at sun.security.ssl.SSLSocketImpl.readRecord(SSLSocketImpl.java:973) ~[na:1.8.0_112]
	at sun.security.ssl.SSLSocketImpl.readDataRecord(SSLSocketImpl.java:930) ~[na:1.8.0_112]
	at sun.security.ssl.AppInputStream.read(AppInputStream.java:105) ~[na:1.8.0_112]
	at okio.Okio$2.read(Okio.java:139) ~[na:na]
	at okio.AsyncTimeout$2.read(AsyncTimeout.java:211) ~[na:na]
	at okio.RealBufferedSource.read(RealBufferedSource.java:50) ~[na:na]
	at com.squareup.okhttp.internal.http.HttpConnection$FixedLengthSource.read(HttpConnection.java:418) ~[na:na]
	at okio.RealBufferedSource$1.read(RealBufferedSource.java:371) ~[na:na]
	at java.io.InputStream.read(InputStream.java:101) ~[na:1.8.0_112]
	at org.eclipse.m2e.core.internal.index.nexus.AetherClientResourceFetcher.retrieve(AetherClientResourceFetcher.java:87) ~[org.eclipse.m2e.core_1.7.0.me201611191457.jar:na]
	at org.apache.maven.index.updater.AbstractResourceFetcher.retrieve(AbstractResourceFetcher.java:35) ~[indexer-core-3.1.0.jar:3.1.0]
	at org.apache.maven.index.updater.DefaultIndexUpdater$LocalCacheIndexAdaptor.addIndexChunk(DefaultIndexUpdater.java:688) ~[indexer-core-3.1.0.jar:3.1.0]
	at org.apache.maven.index.updater.DefaultIndexUpdater.fetchAndUpdateIndex(DefaultIndexUpdater.java:803) ~[indexer-core-3.1.0.jar:3.1.0]
	at org.apache.maven.index.updater.DefaultIndexUpdater.fetchAndUpdateIndex(DefaultIndexUpdater.java:135) ~[indexer-core-3.1.0.jar:3.1.0]
	at org.eclipse.m2e.core.internal.index.nexus.NexusIndexManager.updateRemoteIndex(NexusIndexManager.java:1238) [org.eclipse.m2e.core_1.7.0.me201611191457.jar:na]
	at org.eclipse.m2e.core.internal.index.nexus.NexusIndexManager.updateIndex(NexusIndexManager.java:1193) [org.eclipse.m2e.core_1.7.0.me201611191457.jar:na]
	at org.eclipse.m2e.core.internal.index.nexus.NexusIndexManager$1.run(NexusIndexManager.java:703) [org.eclipse.m2e.core_1.7.0.me201611191457.jar:na]
	at org.eclipse.m2e.core.internal.index.nexus.IndexUpdaterJob.run(IndexUpdaterJob.java:72) [org.eclipse.m2e.core_1.7.0.me201611191457.jar:na]
	at org.eclipse.core.internal.jobs.Worker.run(Worker.java:55) [org.eclipse.core.jobs_3.8.0.v20160509-0411.jar:na]
